# JRE version: OpenJDK Runtime Environment (11.0.1+13) (build 11.0.1+13)
# Java VM: OpenJDK 64-Bit Server VM (11.0.1+13, mixed mode, tiered, compressed oops, g1 gc, windows-amd64)
Heap:
 garbage-first heap   total 260096K, used 45412K [0x0000000703e00000, 0x0000000800000000)
  region size 1024K, 39 young (39936K), 1 survivors (1024K)
 Metaspace       used 27628K, capacity 28104K, committed 28416K, reserved 1079296K
  class space    used 3320K, capacity 3520K, committed 3584K, reserved 1048576K
GC Heap History (6 events):
Event: 1.355 GC heap before
{Heap before GC invocations=0 (full 0):
 garbage-first heap   total 260096K, used 24576K [0x0000000703e00000, 0x0000000800000000)
  region size 1024K, 24 young (24576K), 0 survivors (0K)
 Metaspace       used 17536K, capacity 17772K, committed 18048K, reserved 1064960K
  class space    used 1822K, capacity 1895K, committed 1920K, reserved 1048576K
}
Event: 1.364 GC heap after
{Heap after GC invocations=1 (full 0):
 garbage-first heap   total 260096K, used 6552K [0x0000000703e00000, 0x0000000800000000)
  region size 1024K, 3 young (3072K), 3 survivors (3072K)
 Metaspace       used 17536K, capacity 17772K, committed 18048K, reserved 1064960K
  class space    used 1822K, capacity 1895K, committed 1920K, reserved 1048576K
}
Event: 1.631 GC heap before
{Heap before GC invocations=1 (full 0):
 garbage-first heap   total 260096K, used 24984K [0x0000000703e00000, 0x0000000800000000)
  region size 1024K, 21 young (21504K), 3 survivors (3072K)
 Metaspace       used 20438K, capacity 20714K, committed 20864K, reserved 1067008K
  class space    used 2292K, capacity 2386K, committed 2432K, reserved 1048576K
}
Event: 1.636 GC heap after
{Heap after GC invocations=2 (full 0):
 garbage-first heap   total 260096K, used 7435K [0x0000000703e00000, 0x0000000800000000)
  region size 1024K, 1 young (1024K), 1 survivors (1024K)
 Metaspace       used 20438K, capacity 20714K, committed 20864K, reserved 1067008K
  class space    used 2292K, capacity 2386K, committed 2432K, reserved 1048576K
}
Event: 1.727 GC heap before
{Heap before GC invocations=2 (full 0):
 garbage-first heap   total 260096K, used 12555K [0x0000000703e00000, 0x0000000800000000)
  region size 1024K, 7 young (7168K), 1 survivors (1024K)
 Metaspace       used 20952K, capacity 21186K, committed 21248K, reserved 1069056K
  class space    used 2418K, capacity 2519K, committed 2560K, reserved 1048576K
}
Event: 1.728 GC heap after
{Heap after GC invocations=3 (full 0):
 garbage-first heap   total 260096K, used 7524K [0x0000000703e00000, 0x0000000800000000)
  region size 1024K, 1 young (1024K), 1 survivors (1024K)
 Metaspace       used 20952K, capacity 21186K, committed 21248K, reserved 1069056K
  class space    used 2418K, capacity 2519K, committed 2560K, reserved 1048576K
}

